Skipped rows log - Started at: 2025-09-23 01:53:07
================================================================================
Market: AnetMRA, Row: 5689, Reason: Missing attributes: ['Item']
  Settlement: 07079
  Market Name: Анет4 Меден Рудник А гр. Бургас ул. ХХХ №Х
  Item Name: None
  Item Code: 800210021
  Retail Price: 0.0
----------------------------------------
Market: AnetMRA, Row: 7098, Reason: Missing attributes: ['Item']
  Settlement: 07079
  Market Name: Анет4 Меден Рудник А гр. Бургас ул. ХХХ №Х
  Item Name: None
  Item Code: 800269181
  Retail Price: 9.49
----------------------------------------
Market: AnetMRB, Row: 5689, Reason: Missing attributes: ['Item']
  Settlement: 07079
  Market Name: Анет4 Меден Рудник Б гр. Бургас ул. ХХХ №Х
  Item Name: None
  Item Code: 800210021
  Retail Price: 0.0
----------------------------------------
Market: AnetMRB, Row: 7098, Reason: Missing attributes: ['Item']
  Settlement: 07079
  Market Name: Анет4 Меден Рудник Б гр. Бургас ул. ХХХ №Х
  Item Name: None
  Item Code: 800269181
  Retail Price: 9.49
----------------------------------------
